<?xml version="1.0" encoding="UTF-8"?>
<!-- Generated by org.testng.reporters.JUnitReportReporter -->
<testsuite hostname="DESKTOP-FMHTC77" failures="0" tests="2" name="com.qa.tests.GetAPITest" time="1.480" errors="0" timestamp="26 Aug 2022 14:21:17 GMT">
  <testcase classname="com.qa.tests.GetAPITest" name="getAPITestWithoutHeaders" time="1.232"/>
  <testcase classname="com.qa.tests.GetAPITest" name="getAPITestWithHeaders" time="0.248"/>
</testsuite> <!-- com.qa.tests.GetAPITest -->
