<?xml version="1.0" encoding="UTF-8"?>
<!-- Generated by org.testng.reporters.JUnitReportReporter -->
<testsuite hostname="DESKTOP-FMHTC77" failures="0" tests="1" name="com.qa.tests.PostAPITest" time="2.854" errors="0" timestamp="27 Aug 2022 10:27:51 GMT">
  <testcase classname="com.qa.tests.PostAPITest" name="postAPITest" time="2.854"/>
</testsuite> <!-- com.qa.tests.PostAPITest -->
